C51 COMPILER V9.01   APPMSTAR                                                              03/09/2023 15:39:19 PAGE 1   


C51 COMPILER V9.01, COMPILATION OF MODULE APPMSTAR
OBJECT MODULE PLACED IN .\obj\appmStar.obj
COMPILER INVOKED BY: D:\Keil4\C51\BIN\C51.EXE ..\..\DRIVER\appmStar.c OPTIMIZE(SIZE) BROWSE INCDIR(..\..\DRIVER\INC;..\.
                    -.\KERNEL\SCALER\INC;..\..\KERNEL\SYSTEM\INC;..\..\LIB\INC;..\..\PANEL\INC;..\..\BOARD;..\..\DRIVER\INC;..\..\KERNEL\SYST
                    -EM\INC\AOC2011;..\..\DRIVER\extDEVICE\INC;..\..\MODEL;..\..\CONFIG;..\..\PANEL;..\..\UI\F_LOGO\INC;..\..\UI\HkcOsd\INC) 
                    -DEFINE(ModelName=JRY_TESTBOARD_C_BOARD) DEBUG OBJECTEXTEND PRINT(.\list\appmStar.lst) OBJECT(.\obj\appmStar.obj)

line level    source

   1          
   2          #include "global.h"
   3          
   4          #if CHIP_ID == CHIP_TSUMU
              #include "appmStar_U.c"
              #elif CHIP_ID == CHIP_TSUMV
              #include "appmStar_V.c"
              #elif CHIP_ID == CHIP_TSUMY
              #include "appmStar_Y.c"
              #elif CHIP_ID == CHIP_TSUMB
              #include "appmStar_B.c"
              #elif CHIP_ID==CHIP_TSUM2
              #include "appmstar_2.c"
              #elif CHIP_ID==CHIP_TSUMC
  15          #include "appmstar_C.c"
  16          #elif CHIP_ID==CHIP_TSUMD
              #include "appmstar_D.c"
              #elif CHIP_ID==CHIP_TSUM9
              #include "appmstar_9.c"
              #elif CHIP_ID==CHIP_TSUMF
              #include "appmstar_F.c"
              
              #else
              #message "please implement appmStar for new chip"
              #endif
  26          


MODULE INFORMATION:   STATIC OVERLAYABLE
   CODE SIZE        =   1834    ----
   CONSTANT SIZE    =   ----    ----
   XDATA SIZE       =   ----       6
   PDATA SIZE       =   ----    ----
   DATA SIZE        =   ----      18
   IDATA SIZE       =   ----    ----
   BIT SIZE         =   ----    ----
END OF MODULE INFORMATION.


C51 COMPILATION COMPLETE.  0 WARNING(S),  0 ERROR(S)
