C51 COMPILER V9.01   DRV_MSHDMI                                                            03/09/2023 15:39:04 PAGE 1   


C51 COMPILER V9.01, COMPILATION OF MODULE DRV_MSHDMI
OBJECT MODULE PLACED IN .\obj\drv_msHDMI.obj
COMPILER INVOKED BY: D:\Keil4\C51\BIN\C51.EXE ..\..\DRIVER\drv_msHDMI.c OPTIMIZE(SIZE) BROWSE INCDIR(..\..\DRIVER\INC;..
                    -\..\KERNEL\SCALER\INC;..\..\KERNEL\SYSTEM\INC;..\..\LIB\INC;..\..\PANEL\INC;..\..\BOARD;..\..\DRIVER\INC;..\..\KERNEL\SY
                    -STEM\INC\AOC2011;..\..\DRIVER\extDEVICE\INC;..\..\MODEL;..\..\CONFIG;..\..\PANEL;..\..\UI\F_LOGO\INC;..\..\UI\HkcOsd\INC
                    -) DEFINE(ModelName=JRY_TESTBOARD_C_BOARD) DEBUG OBJECTEXTEND PRINT(.\list\drv_msHDMI.lst) OBJECT(.\obj\drv_msHDMI.obj)

line level    source

   1          
   2          #include "global.h"
   3          
   4          #if CHIP_ID==CHIP_TSUMC // 130530 JUN Modify
   5          #include "drv_msHDMI_C.c"
   6          #elif CHIP_ID==CHIP_TSUMD
              #include "drv_msHDMI_D.c"
              #elif CHIP_ID==CHIP_TSUM9
              #include "drv_msHDMI_9.c"
              #elif CHIP_ID==CHIP_TSUMF
              #include "drv_msHDMI_F.c"
              
              
              #else
              #include "drv_msHDMI_.c"
              #endif


MODULE INFORMATION:   STATIC OVERLAYABLE
   CODE SIZE        =   1312    ----
   CONSTANT SIZE    =   ----    ----
   XDATA SIZE       =   ----    ----
   PDATA SIZE       =   ----    ----
   DATA SIZE        =   ----      15
   IDATA SIZE       =   ----    ----
   BIT SIZE         =   ----    ----
END OF MODULE INFORMATION.


C51 COMPILATION COMPLETE.  0 WARNING(S),  0 ERROR(S)
