C51 COMPILER V9.01   DRVADJUST                                                             03/09/2023 15:39:07 PAGE 1   


C51 COMPILER V9.01, COMPILATION OF MODULE DRVADJUST
OBJECT MODULE PLACED IN .\obj\drvAdjust.obj
COMPILER INVOKED BY: D:\Keil4\C51\BIN\C51.EXE ..\..\DRIVER\drvAdjust.c OPTIMIZE(SIZE) BROWSE INCDIR(..\..\DRIVER\INC;..\
                    -..\KERNEL\SCALER\INC;..\..\KERNEL\SYSTEM\INC;..\..\LIB\INC;..\..\PANEL\INC;..\..\BOARD;..\..\DRIVER\INC;..\..\KERNEL\SYS
                    -TEM\INC\AOC2011;..\..\DRIVER\extDEVICE\INC;..\..\MODEL;..\..\CONFIG;..\..\PANEL;..\..\UI\F_LOGO\INC;..\..\UI\HkcOsd\INC)
                    - DEFINE(ModelName=JRY_TESTBOARD_C_BOARD) DEBUG OBJECTEXTEND PRINT(.\list\drvAdjust.lst) OBJECT(.\obj\drvAdjust.obj)

line level    source

   1          
   2          #include "global.h"
   3          
   4          #if CHIP_ID == CHIP_TSUMU
              #include "drvAdjust_U.c"
              #elif CHIP_ID == CHIP_TSUMV
              #include "drvAdjust_V.c"
              #elif CHIP_ID == CHIP_TSUMY
              #include "drvAdjust_Y.c"
              #elif CHIP_ID == CHIP_TSUMB
              #include "drvAdjust_B.c"
              #elif CHIP_ID == CHIP_TSUM2
              #include "drvAdjust_2.c"
              #elif CHIP_ID == CHIP_TSUMC
  15          #include "drvAdjust_C.c"
  16          #elif CHIP_ID == CHIP_TSUMD
              #include "drvAdjust_D.c"
              #elif CHIP_ID == CHIP_TSUM9
              #include "drvAdjust_9.c"
              #elif CHIP_ID == CHIP_TSUMF
              #include "drvAdjust_F.c"
              #else
              #message "please implement drvAdjust for new chip"
              #endif
  25          


MODULE INFORMATION:   STATIC OVERLAYABLE
   CODE SIZE        =    177    ----
   CONSTANT SIZE    =   ----    ----
   XDATA SIZE       =   ----       6
   PDATA SIZE       =   ----    ----
   DATA SIZE        =   ----       1
   IDATA SIZE       =   ----    ----
   BIT SIZE         =   ----    ----
END OF MODULE INFORMATION.


C51 COMPILATION COMPLETE.  0 WARNING(S),  0 ERROR(S)
