C51 COMPILER V9.01   DRVDDC2BI                                                             03/09/2023 15:39:14 PAGE 1   


C51 COMPILER V9.01, COMPILATION OF MODULE DRVDDC2BI
OBJECT MODULE PLACED IN .\obj\drvDDC2Bi.obj
COMPILER INVOKED BY: D:\Keil4\C51\BIN\C51.EXE ..\..\DRIVER\drvDDC2Bi.c OPTIMIZE(SIZE) BROWSE INCDIR(..\..\DRIVER\INC;..\
                    -..\KERNEL\SCALER\INC;..\..\KERNEL\SYSTEM\INC;..\..\LIB\INC;..\..\PANEL\INC;..\..\BOARD;..\..\DRIVER\INC;..\..\KERNEL\SYS
                    -TEM\INC\AOC2011;..\..\DRIVER\extDEVICE\INC;..\..\MODEL;..\..\CONFIG;..\..\PANEL;..\..\UI\F_LOGO\INC;..\..\UI\HkcOsd\INC)
                    - DEFINE(ModelName=JRY_TESTBOARD_C_BOARD) DEBUG OBJECTEXTEND PRINT(.\list\drvDDC2Bi.lst) OBJECT(.\obj\drvDDC2Bi.obj)

line level    source

   1          
   2          #include "global.h"
   3          
   4          #if CHIP_ID == CHIP_TSUMC || CHIP_ID == CHIP_TSUMD
   5          #include "drvDDC2Bi_C.c"
   6          #elif CHIP_ID == CHIP_TSUM9 ||CHIP_ID == CHIP_TSUMF
              #include "drvDDC2Bi_9.c"
              #else // CHIP_TSUMU, CHIP_TSUMV, CHIP_TSUMY, CHIP_TSUMB, CHIP_TSUM2
              #include "drvDDC2Bi_.c"
              #endif


MODULE INFORMATION:   STATIC OVERLAYABLE
   CODE SIZE        =   1777    ----
   CONSTANT SIZE    =      6    ----
   XDATA SIZE       =     70    ----
   PDATA SIZE       =   ----    ----
   DATA SIZE        =      3       7
   IDATA SIZE       =     10    ----
   BIT SIZE         =   ----    ----
END OF MODULE INFORMATION.


C51 COMPILATION COMPLETE.  0 WARNING(S),  0 ERROR(S)
