C51 COMPILER V9.01   DRVDPRXAPP                                                            03/09/2023 15:39:19 PAGE 1   


C51 COMPILER V9.01, COMPILATION OF MODULE DRVDPRXAPP
OBJECT MODULE PLACED IN .\obj\drvDPRxApp.obj
COMPILER INVOKED BY: D:\Keil4\C51\BIN\C51.EXE ..\..\DRIVER\drvDPRxApp.c OPTIMIZE(SIZE) BROWSE INCDIR(..\..\DRIVER\INC;..
                    -\..\KERNEL\SCALER\INC;..\..\KERNEL\SYSTEM\INC;..\..\LIB\INC;..\..\PANEL\INC;..\..\BOARD;..\..\DRIVER\INC;..\..\KERNEL\SY
                    -STEM\INC\AOC2011;..\..\DRIVER\extDEVICE\INC;..\..\MODEL;..\..\CONFIG;..\..\PANEL;..\..\UI\F_LOGO\INC;..\..\UI\HkcOsd\INC
                    -) DEFINE(ModelName=JRY_TESTBOARD_C_BOARD) DEBUG OBJECTEXTEND PRINT(.\list\drvDPRxApp.lst) OBJECT(.\obj\drvDPRxApp.obj)

line level    source

   1          
   2          #include "global.h"
   3          
   4          #if CHIP_ID == CHIP_TSUMU
              #include "drvDPRxApp_U.c"
              #elif CHIP_ID == CHIP_TSUMC
   7          #include "drvDPRxApp_C.c"
   8          #elif CHIP_ID == CHIP_TSUMD
              #include "drvDPRxApp_C.c"
              #elif (CHIP_ID == CHIP_TSUM9||CHIP_ID == CHIP_TSUMF)
              #include "drvDPRxApp_9.c"
              #elif CHIP_ID == CHIP_TSUML||CHIP_ID == CHIP_TSUMB||CHIP_ID == CHIP_TSUMY||CHIP_ID == CHIP_TSUMV||CHIP_ID 
             -== CHIP_TSUM2
              
              #else
              #message "please implement drvDPRxApp for new chip"
              #endif
  17          
  18          


MODULE INFORMATION:   STATIC OVERLAYABLE
   CODE SIZE        =     10    ----
   CONSTANT SIZE    =      1    ----
   XDATA SIZE       =   ----       1
   PDATA SIZE       =   ----    ----
   DATA SIZE        =   ----    ----
   IDATA SIZE       =   ----    ----
   BIT SIZE         =   ----    ----
END OF MODULE INFORMATION.


C51 COMPILATION COMPLETE.  0 WARNING(S),  0 ERROR(S)
