C51 COMPILER V9.01   DRVGAMMA                                                              03/09/2023 15:39:12 PAGE 1   


C51 COMPILER V9.01, COMPILATION OF MODULE DRVGAMMA
OBJECT MODULE PLACED IN .\obj\drvGamma.obj
COMPILER INVOKED BY: D:\Keil4\C51\BIN\C51.EXE ..\..\DRIVER\drvGamma.c OPTIMIZE(SIZE) BROWSE INCDIR(..\..\DRIVER\INC;..\.
                    -.\KERNEL\SCALER\INC;..\..\KERNEL\SYSTEM\INC;..\..\LIB\INC;..\..\PANEL\INC;..\..\BOARD;..\..\DRIVER\INC;..\..\KERNEL\SYST
                    -EM\INC\AOC2011;..\..\DRIVER\extDEVICE\INC;..\..\MODEL;..\..\CONFIG;..\..\PANEL;..\..\UI\F_LOGO\INC;..\..\UI\HkcOsd\INC) 
                    -DEFINE(ModelName=JRY_TESTBOARD_C_BOARD) DEBUG OBJECTEXTEND PRINT(.\list\drvGamma.lst) OBJECT(.\obj\drvGamma.obj)

line level    source

   1          
   2          #include "global.h"
   3          #if Enable_Gamma || ENABLE_GAMMA_FIX_PANEL_NOISE
              #if CHIP_ID == CHIP_TSUMU
              #include "drvGamma_U.c"
              #elif CHIP_ID == CHIP_TSUMV
              #include "drvGamma_V.c"
              #elif CHIP_ID == CHIP_TSUMY
              #include "drvGamma_Y.c"
              #elif CHIP_ID == CHIP_TSUMB
              #include "drvGamma_B.c"
              #elif CHIP_ID == CHIP_TSUM2
              #include "drvGamma_2.c"
              #elif CHIP_ID == CHIP_TSUMC || CHIP_ID == CHIP_TSUM9 || CHIP_ID == CHIP_TSUMF
              #include "drvGamma_C.c"
              #elif CHIP_ID == CHIP_TSUMD
              #include "drvGamma_D.c"
              #else
              #message "please implement DrvGamma for new chip"
              #endif
              #else
  22          BYTE code msGammaNullData[] = {0};
  23          void msGammaDummy(void)
  24          {
  25   1          BYTE xdata i = msGammaNullData[0];
  26   1      }
  27          #endif


MODULE INFORMATION:   STATIC OVERLAYABLE
   CODE SIZE        =     10    ----
   CONSTANT SIZE    =      1    ----
   XDATA SIZE       =   ----       1
   PDATA SIZE       =   ----    ----
   DATA SIZE        =   ----    ----
   IDATA SIZE       =   ----    ----
   BIT SIZE         =   ----    ----
END OF MODULE INFORMATION.


C51 COMPILATION COMPLETE.  0 WARNING(S),  0 ERROR(S)
