C51 COMPILER V9.01   DRVMSOVD                                                              03/09/2023 15:39:16 PAGE 1   


C51 COMPILER V9.01, COMPILATION OF MODULE DRVMSOVD
OBJECT MODULE PLACED IN .\obj\drvmsOVD.obj
COMPILER INVOKED BY: D:\Keil4\C51\BIN\C51.EXE ..\..\DRIVER\drvmsOVD.c OPTIMIZE(SIZE) BROWSE INCDIR(..\..\DRIVER\INC;..\.
                    -.\KERNEL\SCALER\INC;..\..\KERNEL\SYSTEM\INC;..\..\LIB\INC;..\..\PANEL\INC;..\..\BOARD;..\..\DRIVER\INC;..\..\KERNEL\SYST
                    -EM\INC\AOC2011;..\..\DRIVER\extDEVICE\INC;..\..\MODEL;..\..\CONFIG;..\..\PANEL;..\..\UI\F_LOGO\INC;..\..\UI\HkcOsd\INC) 
                    -DEFINE(ModelName=JRY_TESTBOARD_C_BOARD) DEBUG OBJECTEXTEND PRINT(.\list\drvmsOVD.lst) OBJECT(.\obj\drvmsOVD.obj)

line level    source

   1          
   2          #include "global.h"
   3          
   4          #if CHIP_ID == CHIP_TSUMU
              #include "drvmsOVD_U.c"
              #elif CHIP_ID == CHIP_TSUMB
              #include "drvmsOVD_B.c"
              #elif CHIP_ID == CHIP_TSUM2
              #include "drvmsOVD_2.c"
              #elif CHIP_ID == CHIP_TSUMC
  11          #include "drvmsOVD_C.c"
  12          #elif CHIP_ID == CHIP_TSUMD
              #include "drvmsOVD_D.c"
              #elif CHIP_ID == CHIP_TSUMF
              #include "drvmsOVD_F.c"
              //#elif CHIP_ID == CHIP_TSUMV || CHIP_ID == CHIP_TSUMY
              #else
              #message "please check if need OD function for your project"
              BYTE code msOVDDummy[] = {0};
              void msOverDriveDummy()
              {
                  BYTE x = msOVDDummy;
              }
              #endif
  25          


MODULE INFORMATION:   STATIC OVERLAYABLE
   CODE SIZE        =      4    ----
   CONSTANT SIZE    =      1    ----
   XDATA SIZE       =   ----    ----
   PDATA SIZE       =   ----    ----
   DATA SIZE        =   ----       1
   IDATA SIZE       =   ----    ----
   BIT SIZE         =   ----    ----
END OF MODULE INFORMATION.


C51 COMPILATION COMPLETE.  0 WARNING(S),  0 ERROR(S)
