C51 COMPILER V9.01   DRVMSTAR                                                              03/09/2023 15:39:07 PAGE 1   


C51 COMPILER V9.01, COMPILATION OF MODULE DRVMSTAR
OBJECT MODULE PLACED IN .\obj\drvmStar.obj
COMPILER INVOKED BY: D:\Keil4\C51\BIN\C51.EXE ..\..\DRIVER\drvmStar.c OPTIMIZE(SIZE) BROWSE INCDIR(..\..\DRIVER\INC;..\.
                    -.\KERNEL\SCALER\INC;..\..\KERNEL\SYSTEM\INC;..\..\LIB\INC;..\..\PANEL\INC;..\..\BOARD;..\..\DRIVER\INC;..\..\KERNEL\SYST
                    -EM\INC\AOC2011;..\..\DRIVER\extDEVICE\INC;..\..\MODEL;..\..\CONFIG;..\..\PANEL;..\..\UI\F_LOGO\INC;..\..\UI\HkcOsd\INC) 
                    -DEFINE(ModelName=JRY_TESTBOARD_C_BOARD) DEBUG OBJECTEXTEND PRINT(.\list\drvmStar.lst) OBJECT(.\obj\drvmStar.obj)

line level    source

   1          
   2          #include "global.h"
   3          #if CHIP_ID == CHIP_TSUMU
              #include "drvmStar_U.c"
              #elif CHIP_ID == CHIP_TSUMV
              #include "drvmStar_V.c"
              #elif CHIP_ID == CHIP_TSUMY
              #include "drvmStar_Y.c"
              #elif CHIP_ID == CHIP_TSUMB
              #include "drvmStar_B.c"
              #elif CHIP_ID==CHIP_TSUM2
              #include "drvmStar_2.c"
              #elif CHIP_ID==CHIP_TSUMC
  14          #include "drvmStar_C.c"
  15          #elif CHIP_ID==CHIP_TSUMD
              #include "drvmStar_D.c"
              #elif CHIP_ID==CHIP_TSUM9
              #include "drvmStar_9.c"
              #elif CHIP_ID==CHIP_TSUMF
              #include "drvmStar_F.c"
              #else
              #message "please implement drvmStar for new chip"
              #endif
  24          


MODULE INFORMATION:   STATIC OVERLAYABLE
   CODE SIZE        =   6292    ----
   CONSTANT SIZE    =    709    ----
   XDATA SIZE       =   ----      77
   PDATA SIZE       =   ----    ----
   DATA SIZE        =   ----      24
   IDATA SIZE       =   ----    ----
   BIT SIZE         =   ----    ----
END OF MODULE INFORMATION.


C51 COMPILATION COMPLETE.  0 WARNING(S),  0 ERROR(S)
