C51 COMPILER V9.01   DRVMHL                                                                03/09/2023 15:39:18 PAGE 1   


C51 COMPILER V9.01, COMPILATION OF MODULE DRVMHL
OBJECT MODULE PLACED IN .\obj\drvMHL.obj
COMPILER INVOKED BY: D:\Keil4\C51\BIN\C51.EXE ..\..\DRIVER\drvMHL.c OPTIMIZE(SIZE) BROWSE INCDIR(..\..\DRIVER\INC;..\..\
                    -KERNEL\SCALER\INC;..\..\KERNEL\SYSTEM\INC;..\..\LIB\INC;..\..\PANEL\INC;..\..\BOARD;..\..\DRIVER\INC;..\..\KERNEL\SYSTEM
                    -\INC\AOC2011;..\..\DRIVER\extDEVICE\INC;..\..\MODEL;..\..\CONFIG;..\..\PANEL;..\..\UI\F_LOGO\INC;..\..\UI\HkcOsd\INC) DE
                    -FINE(ModelName=JRY_TESTBOARD_C_BOARD) DEBUG OBJECTEXTEND PRINT(.\list\drvMHL.lst) OBJECT(.\obj\drvMHL.obj)

line level    source

   1          
   2          #include "global.h"
   3          
   4          #if CHIP_ID == CHIP_TSUM2
              #include "swI2c.c"
              #include "mhal_mhl_2.c"
              #include "mdrv_mhl_2.c"
              #include "mapi_mhl_2.c"
              #elif CHIP_ID == CHIP_TSUMC
  10          #include "mhal_mhl_C.c"
  11          #include "mdrv_mhl_C.c"
  12          #include "mapi_mhl_C.c"
  13          #elif CHIP_ID == CHIP_TSUMD
              #include "mhal_mhl_D.c"
              #include "mdrv_mhl_D.c"
              #include "mapi_mhl_D.c"
              #elif CHIP_ID == CHIP_TSUM9
              #include "mhal_mhl_9.c"
              #include "mdrv_mhl_9.c"
              #include "mapi_mhl_9.c"
              #elif CHIP_ID == CHIP_TSUMF
              #include "mhal_mhl_F.c"
              #include "mdrv_mhl_F.c"
              #include "mapi_mhl_F.c"
              #elif CHIP_ID == CHIP_TSUML|| CHIP_ID == CHIP_TSUMU|| CHIP_ID == CHIP_TSUMY|| CHIP_ID == CHIP_TSUMV//|| CH
             -IP_ID == CHIP_TSUMJ
              
              #else  //dont have mhl code for TSUMB
              #message "please implement MHL function for new chip"
              #endif
  30          
  31          BYTE code drvMHLDummy[] = {0};
  32          void msMHLDummy(void)
  33          {
  34   1          BYTE x = drvMHLDummy[0];
  35   1      }
  36          
  37          


MODULE INFORMATION:   STATIC OVERLAYABLE
   CODE SIZE        =      8    ----
   CONSTANT SIZE    =      1    ----
   XDATA SIZE       =   ----    ----
   PDATA SIZE       =   ----    ----
   DATA SIZE        =   ----       1
   IDATA SIZE       =   ----    ----
   BIT SIZE         =   ----    ----
END OF MODULE INFORMATION.


C51 COMPILATION COMPLETE.  0 WARNING(S),  0 ERROR(S)
