C51 COMPILER V9.01   GAMMA                                                                 03/09/2023 15:39:12 PAGE 1   


C51 COMPILER V9.01, COMPILATION OF MODULE GAMMA
OBJECT MODULE PLACED IN .\obj\Gamma.obj
COMPILER INVOKED BY: D:\Keil4\C51\BIN\C51.EXE ..\..\KERNEL\SCALER\Gamma.c OPTIMIZE(SIZE) BROWSE INCDIR(..\..\DRIVER\INC;
                    -..\..\KERNEL\SCALER\INC;..\..\KERNEL\SYSTEM\INC;..\..\LIB\INC;..\..\PANEL\INC;..\..\BOARD;..\..\DRIVER\INC;..\..\KERNEL\
                    -SYSTEM\INC\AOC2011;..\..\DRIVER\extDEVICE\INC;..\..\MODEL;..\..\CONFIG;..\..\PANEL;..\..\UI\F_LOGO\INC;..\..\UI\HkcOsd\I
                    -NC) DEFINE(ModelName=JRY_TESTBOARD_C_BOARD) DEBUG OBJECTEXTEND PRINT(.\list\Gamma.lst) OBJECT(.\obj\Gamma.obj)

line level    source

   1          #include "board.h"
   2          
   3          #if Enable_Gamma || ENABLE_GAMMA_FIX_PANEL_NOISE
              #define _GAMMA_C_
              #include "types.h"
              #include "drvGamma.h"
              //#include "Panel_GAMMATBL.h"
              #include "ms_reg.h"
              #include "gamma.h"
              #include "ms_rwreg.h"
              #include "Common.h"
              #include "Global.h"
              #include "Menudef.h"
              #include "adjust.h"
              #include "misc.h"
              
              
              
              BYTE xdata GammaContent = GAMA_Nums;
              
              void mStar_SetupGamma( BYTE GamaMode )
              {
                      #if CHIP_ID ==CHIP_TSUMC || CHIP_ID ==CHIP_TSUMD || CHIP_ID ==CHIP_TSUM9|| CHIP_ID == CHIP_TSUMF        //130509
             - Modify
                  if(GammaContent == GamaMode && PanelOnFlag)
                      #else
                  if(GammaContent == GamaMode)
                      #endif
                      return;
                  
                  mStar_WaitForDataBlanking();
                  drvGammaOnOff(_DISABLE, MAIN_WINDOW );
                  drvGammaOnOff(_DISABLE, SUB_WINDOW );
              
                  #if GAMMA_BYPASS
                  if(GamaMode != GAMA1)
                  #endif
                  {
                  #if ENABLE_GAMMA_FIX_PANEL_NOISE
                              drvGammaLoadTbl( GAMA1 );
                      #else
                      drvGammaLoadTbl( GamaMode );
                      #endif
                      mStar_WaitForDataBlanking();
                      drvGammaOnOff(_ENABLE, MAIN_WINDOW );
                      drvGammaOnOff(_ENABLE, SUB_WINDOW );
                  } 
                  GammaContent = GamaMode;
              }
              
              #endif

C51 COMPILER V9.01   GAMMA                                                                 03/09/2023 15:39:12 PAGE 2   


MODULE INFORMATION:   STATIC OVERLAYABLE
   CODE SIZE        =   ----    ----
   CONSTANT SIZE    =   ----    ----
   XDATA SIZE       =   ----    ----
   PDATA SIZE       =   ----    ----
   DATA SIZE        =   ----    ----
   IDATA SIZE       =   ----    ----
   BIT SIZE         =   ----    ----
END OF MODULE INFORMATION.


C51 COMPILATION COMPLETE.  0 WARNING(S),  0 ERROR(S)
