C51 COMPILER V9.01   MSFB                                                                  03/09/2023 15:39:20 PAGE 1   


C51 COMPILER V9.01, COMPILATION OF MODULE MSFB
OBJECT MODULE PLACED IN .\obj\msFB.obj
COMPILER INVOKED BY: D:\Keil4\C51\BIN\C51.EXE ..\..\DRIVER\msFB.c OPTIMIZE(SIZE) BROWSE INCDIR(..\..\DRIVER\INC;..\..\KE
                    -RNEL\SCALER\INC;..\..\KERNEL\SYSTEM\INC;..\..\LIB\INC;..\..\PANEL\INC;..\..\BOARD;..\..\DRIVER\INC;..\..\KERNEL\SYSTEM\I
                    -NC\AOC2011;..\..\DRIVER\extDEVICE\INC;..\..\MODEL;..\..\CONFIG;..\..\PANEL;..\..\UI\F_LOGO\INC;..\..\UI\HkcOsd\INC) DEFI
                    -NE(ModelName=JRY_TESTBOARD_C_BOARD) DEBUG OBJECTEXTEND PRINT(.\list\msFB.lst) OBJECT(.\obj\msFB.obj)

line level    source

   1          
   2          
   3          #include "global.h"
   4          
   5          #if CHIP_ID == CHIP_TSUMU
              #include "msFB_U.c"
              #elif CHIP_ID == CHIP_TSUMB
              #include "msFB_B.c"
              #elif CHIP_ID == CHIP_TSUM2
              #include "msFB_2.c"
              #elif CHIP_ID == CHIP_TSUMC
  12          #include "msFB_C.c"
  13          #elif CHIP_ID == CHIP_TSUMD
              #include "msFB_D.c"
              #elif CHIP_ID == CHIP_TSUMV || CHIP_ID == CHIP_TSUMY  || CHIP_ID == CHIP_TSUM9 ||CHIP_ID == CHIP_TSUMF
              #else
              #message "please implement msFB for new chip"
              #endif
  19          
  20          BYTE code msFBNullData[] = {0};
  21          
  22          void msFBDummy(void)
  23          {
  24   1          BYTE i = msFBNullData[0];
  25   1      }


MODULE INFORMATION:   STATIC OVERLAYABLE
   CODE SIZE        =      8    ----
   CONSTANT SIZE    =      1    ----
   XDATA SIZE       =   ----    ----
   PDATA SIZE       =   ----    ----
   DATA SIZE        =   ----       1
   IDATA SIZE       =   ----    ----
   BIT SIZE         =   ----    ----
END OF MODULE INFORMATION.


C51 COMPILATION COMPLETE.  0 WARNING(S),  0 ERROR(S)
