C51 COMPILER V9.01   MSSCALER                                                              03/09/2023 15:39:04 PAGE 1   


C51 COMPILER V9.01, COMPILATION OF MODULE MSSCALER
OBJECT MODULE PLACED IN .\obj\msScaler.obj
COMPILER INVOKED BY: D:\Keil4\C51\BIN\C51.EXE ..\..\DRIVER\msScaler.c OPTIMIZE(SIZE) BROWSE INCDIR(..\..\DRIVER\INC;..\.
                    -.\KERNEL\SCALER\INC;..\..\KERNEL\SYSTEM\INC;..\..\LIB\INC;..\..\PANEL\INC;..\..\BOARD;..\..\DRIVER\INC;..\..\KERNEL\SYST
                    -EM\INC\AOC2011;..\..\DRIVER\extDEVICE\INC;..\..\MODEL;..\..\CONFIG;..\..\PANEL;..\..\UI\F_LOGO\INC;..\..\UI\HkcOsd\INC) 
                    -DEFINE(ModelName=JRY_TESTBOARD_C_BOARD) DEBUG OBJECTEXTEND PRINT(.\list\msScaler.lst) OBJECT(.\obj\msScaler.obj)

line level    source

   1          
   2          
   3          
   4          #include "global.h"
   5          
   6          #if CHIP_ID == CHIP_TSUMU
              #include "msScaler_U.c"
              #elif CHIP_ID == CHIP_TSUM2
              #include "msScaler_2.c"
              #elif CHIP_ID == CHIP_TSUMC
  11          #include "msScaler_C.c"
  12          #elif CHIP_ID == CHIP_TSUMD
              #include "msScaler_D.c"
              #elif CHIP_ID == CHIP_TSUM9
              #include "msScaler_9.c"
              #elif CHIP_ID == CHIP_TSUMF
              #include "msScaler_F.c"
              #elif CHIP_ID == CHIP_TSUML||CHIP_ID == CHIP_TSUMB||CHIP_ID == CHIP_TSUMY||CHIP_ID == CHIP_TSUMV
              
              
              #else
              #message "please implement msScaler for new chip"
              #endif
  24          


MODULE INFORMATION:   STATIC OVERLAYABLE
   CODE SIZE        =   3817    ----
   CONSTANT SIZE    =     18    ----
   XDATA SIZE       =     28      37
   PDATA SIZE       =   ----    ----
   DATA SIZE        =   ----       5
   IDATA SIZE       =   ----    ----
   BIT SIZE         =   ----    ----
END OF MODULE INFORMATION.


C51 COMPILATION COMPLETE.  0 WARNING(S),  0 ERROR(S)
