C51 COMPILER V9.01   SUPERRESOLUTION                                                       03/09/2023 15:39:23 PAGE 1   


C51 COMPILER V9.01, COMPILATION OF MODULE SUPERRESOLUTION
OBJECT MODULE PLACED IN .\obj\SUPERRESOLUTION.obj
COMPILER INVOKED BY: D:\Keil4\C51\BIN\C51.EXE ..\..\UI\HkcOsd\SUPERRESOLUTION.C OPTIMIZE(SIZE) BROWSE INCDIR(..\..\DRIVE
                    -R\INC;..\..\KERNEL\SCALER\INC;..\..\KERNEL\SYSTEM\INC;..\..\LIB\INC;..\..\PANEL\INC;..\..\BOARD;..\..\DRIVER\INC;..\..\K
                    -ERNEL\SYSTEM\INC\AOC2011;..\..\DRIVER\extDEVICE\INC;..\..\MODEL;..\..\CONFIG;..\..\PANEL;..\..\UI\F_LOGO\INC;..\..\UI\Hk
                    -cOsd\INC) DEFINE(ModelName=JRY_TESTBOARD_C_BOARD) DEBUG OBJECTEXTEND PRINT(.\list\SUPERRESOLUTION.lst) OBJECT(.\obj\SUPE
                    -RRESOLUTION.obj)

line level    source

   1          #include "global.h"
   2          #if 0
              
              #if CHIP_ID == CHIP_TSUM2
              #include "SUPERRESOLUTION_2.C"
              #elif CHIP_ID == CHIP_TSUMB
              #include "SUPERRESOLUTION_B.C"
              #elif CHIP_ID == CHIP_TSUMY     //121105 Modify
              #include "SUPERRESOLUTION_Y.C"
              #elif CHIP_ID == CHIP_TSUMV
              #include "SUPERRESOLUTION_V.C"
              #elif CHIP_ID == CHIP_TSUMU//20130522
              #include "SUPERRESOLUTION_U.C"
              #elif CHIP_ID == CHIP_TSUMC ||CHIP_ID == CHIP_TSUM9||CHIP_ID == CHIP_TSUMF
              #include "SUPERRESOLUTION_C.C"
              #elif CHIP_ID == CHIP_TSUMD
              #include "SUPERRESOLUTION_D.C"
              #else
              #message "please implement SUPERRESOLUTION for new chip"
              #endif
              #else
  22          BYTE code msCLearVersionData[] = {0};
  23          
  24          void msClearVersionDummy(void)  //130529 Nick
  25          {
  26   1          BYTE xdata i = msCLearVersionData[0];
  27   1      }
  28          
  29          #endif
  30          
  31          
  32          


MODULE INFORMATION:   STATIC OVERLAYABLE
   CODE SIZE        =     10    ----
   CONSTANT SIZE    =      1    ----
   XDATA SIZE       =   ----       1
   PDATA SIZE       =   ----    ----
   DATA SIZE        =   ----    ----
   IDATA SIZE       =   ----    ----
   BIT SIZE         =   ----    ----
END OF MODULE INFORMATION.


C51 COMPILATION COMPLETE.  0 WARNING(S),  0 ERROR(S)
