C51 COMPILER V9.01   USERDATASPACE                                                         03/07/2023 21:12:23 PAGE 1   


C51 COMPILER V9.01, COMPILATION OF MODULE USERDATASPACE
OBJECT MODULE PLACED IN .\obj\UserDataSpace.obj
COMPILER INVOKED BY: D:\Keil4\C51\BIN\C51.EXE ..\..\KERNEL\SYSTEM\UserDataSpace.C OPTIMIZE(SIZE) BROWSE INCDIR(..\..\DRI
                    -VER\INC;..\..\KERNEL\SCALER\INC;..\..\KERNEL\SYSTEM\INC;..\..\LIB\INC;..\..\PANEL\INC;..\..\BOARD;..\..\DRIVER\INC;..\..
                    -\KERNEL\SYSTEM\INC\AOC2011;..\..\DRIVER\extDEVICE\INC;..\..\MODEL;..\..\CONFIG;..\..\PANEL;..\..\UI\F_LOGO\INC;..\..\UI\
                    -HkcOsd\INC) DEFINE(ModelName=JRY_TESTBOARD_C_BOARD) DEBUG OBJECTEXTEND PRINT(.\list\UserDataSpace.lst) OBJECT(.\obj\User
                    -DataSpace.obj)

line level    source

   1          #include "types.h"
   2          
   3          #if 0//CHIP_ID>=CHIP_TSUMV
              
              #else
   6          
   7          #define NULLBYTE_1      0xFF,//you can define as 0x00 or 0xFF 
   8          #define NULLBYTE_2      NULLBYTE_1 NULLBYTE_1
   9          #define NULLBYTE_4      NULLBYTE_2 NULLBYTE_2
  10          #define NULLBYTE_8      NULLBYTE_4 NULLBYTE_4
  11          #define NULLBYTE_16     NULLBYTE_8 NULLBYTE_8
  12          #define NULLBYTE_32     NULLBYTE_16 NULLBYTE_16
  13          #define NULLBYTE_64     NULLBYTE_32 NULLBYTE_32
  14          #define NULLBYTE_128    NULLBYTE_64 NULLBYTE_64
  15          #define NULLBYTE_256    NULLBYTE_128 NULLBYTE_128
  16          #define NULLBYTE_512    NULLBYTE_256 NULLBYTE_256
  17          #define NULLBYTE_1024   NULLBYTE_512 NULLBYTE_512
  18          #define NULLBYTE_2048   NULLBYTE_1024 NULLBYTE_1024
  19          #define NULLBYTE_4096   NULLBYTE_2048 NULLBYTE_2048
  20          
  21          BYTE code UserDataCode[] =//Set UserDataCode To Bank3 Addr:A000
  22          {
  23                  NULLBYTE_4096//sector 1 0x3A000
  24                  NULLBYTE_4096//sector 2 0x3B000
  25                  NULLBYTE_4096//sector 3 0x3C000
  26                  NULLBYTE_4096//sector 4 0x3D000
  27                  NULLBYTE_4096//sector 5 0x3E000
  28                  NULLBYTE_4096//sector 6 0x3F000
  29          };
  30          #endif


MODULE INFORMATION:   STATIC OVERLAYABLE
   CODE SIZE        =   ----    ----
   CONSTANT SIZE    =  24576    ----
   XDATA SIZE       =   ----    ----
   PDATA SIZE       =   ----    ----
   DATA SIZE        =   ----    ----
   IDATA SIZE       =   ----    ----
   BIT SIZE         =   ----    ----
END OF MODULE INFORMATION.


C51 COMPILATION COMPLETE.  0 WARNING(S),  0 ERROR(S)
